# JRE version: Java(TM) SE Runtime Environment (17.0.8+9) (build 17.0.8+9-LTS-211)
# Java VM: Java HotSpot(TM) 64-Bit Server VM (17.0.8+9-LTS-211, mixed mode, emulated-client, sharing, tiered, compressed oops, compressed class ptrs, g1 gc, windows-amd64)
GC Precious Log:
 CPUs: 8 total, 8 available
 Memory: 8103M
 Large Page Support: Disabled
 NUMA Support: Disabled
 Compressed Oops: Enabled (32-bit)
 Heap Region Size: 1M
 Heap Min Capacity: 8M
 Heap Initial Capacity: 128M
 Heap Max Capacity: 2026M
 Pre-touch: Disabled
 Parallel Workers: 8
 Concurrent Workers: 2
 Concurrent Refinement Workers: 8
 Periodic GC: Disabled
Heap:
 garbage-first heap   total 139264K, used 93120K [0x0000000081600000, 0x0000000100000000)
  region size 1024K, 55 young (56320K), 7 survivors (7168K)
 Metaspace       used 78416K, committed 78976K, reserved 1179648K
  class space    used 11539K, committed 11776K, reserved 1048576K
GC Heap History (20 events):
Event: 2.480 GC heap before
{Heap before GC invocations=6 (full 0):
 garbage-first heap   total 68608K, used 22189K [0x0000000081600000, 0x0000000100000000)
  region size 1024K, 6 young (6144K), 5 survivors (5120K)
 Metaspace       used 24284K, committed 24576K, reserved 1114112K
  class space    used 3316K, committed 3456K, reserved 1048576K
}
Event: 2.485 GC heap after
{Heap after GC invocations=7 (full 0):
 garbage-first heap   total 68608K, used 22097K [0x0000000081600000, 0x0000000100000000)
  region size 1024K, 1 young (1024K), 1 survivors (1024K)
 Metaspace       used 24284K, committed 24576K, reserved 1114112K
  class space    used 3316K, committed 3456K, reserved 1048576K
}
Event: 2.854 GC heap before
{Heap before GC invocations=7 (full 0):
 garbage-first heap   total 68608K, used 46673K [0x0000000081600000, 0x0000000100000000)
  region size 1024K, 25 young (25600K), 1 survivors (1024K)
 Metaspace       used 27016K, committed 27328K, reserved 1114112K
  class space    used 3721K, committed 3904K, reserved 1048576K
}
Event: 2.860 GC heap after
{Heap after GC invocations=8 (full 0):
 garbage-first heap   total 137216K, used 22948K [0x0000000081600000, 0x0000000100000000)
  region size 1024K, 2 young (2048K), 2 survivors (2048K)
 Metaspace       used 27016K, committed 27328K, reserved 1114112K
  class space    used 3721K, committed 3904K, reserved 1048576K
}
Event: 3.922 GC heap before
{Heap before GC invocations=8 (full 0):
 garbage-first heap   total 137216K, used 80292K [0x0000000081600000, 0x0000000100000000)
  region size 1024K, 59 young (60416K), 2 survivors (2048K)
 Metaspace       used 35895K, committed 36288K, reserved 1114112K
  class space    used 5050K, committed 5248K, reserved 1048576K
}
Event: 3.930 GC heap after
{Heap after GC invocations=9 (full 0):
 garbage-first heap   total 137216K, used 26972K [0x0000000081600000, 0x0000000100000000)
  region size 1024K, 6 young (6144K), 6 survivors (6144K)
 Metaspace       used 35895K, committed 36288K, reserved 1114112K
  class space    used 5050K, committed 5248K, reserved 1048576K
}
Event: 4.689 GC heap before
{Heap before GC invocations=10 (full 0):
 garbage-first heap   total 96256K, used 78172K [0x0000000081600000, 0x0000000100000000)
  region size 1024K, 56 young (57344K), 6 survivors (6144K)
 Metaspace       used 40563K, committed 41088K, reserved 1114112K
  class space    used 5720K, committed 5952K, reserved 1048576K
}
Event: 4.703 GC heap after
{Heap after GC invocations=11 (full 0):
 garbage-first heap   total 96256K, used 30598K [0x0000000081600000, 0x0000000100000000)
  region size 1024K, 4 young (4096K), 4 survivors (4096K)
 Metaspace       used 40563K, committed 41088K, reserved 1114112K
  class space    used 5720K, committed 5952K, reserved 1048576K
}
Event: 5.587 GC heap before
{Heap before GC invocations=11 (full 0):
 garbage-first heap   total 96256K, used 72582K [0x0000000081600000, 0x0000000100000000)
  region size 1024K, 45 young (46080K), 4 survivors (4096K)
 Metaspace       used 51013K, committed 51456K, reserved 1114112K
  class space    used 7214K, committed 7424K, reserved 1048576K
}
Event: 5.597 GC heap after
{Heap after GC invocations=12 (full 0):
 garbage-first heap   total 96256K, used 33667K [0x0000000081600000, 0x0000000100000000)
  region size 1024K, 4 young (4096K), 4 survivors (4096K)
 Metaspace       used 51013K, committed 51456K, reserved 1114112K
  class space    used 7214K, committed 7424K, reserved 1048576K
}
Event: 6.254 GC heap before
{Heap before GC invocations=12 (full 0):
 garbage-first heap   total 96256K, used 73603K [0x0000000081600000, 0x0000000100000000)
  region size 1024K, 43 young (44032K), 4 survivors (4096K)
 Metaspace       used 59503K, committed 59968K, reserved 1114112K
  class space    used 8540K, committed 8768K, reserved 1048576K
}
Event: 6.265 GC heap after
{Heap after GC invocations=13 (full 0):
 garbage-first heap   total 115712K, used 34941K [0x0000000081600000, 0x0000000100000000)
  region size 1024K, 5 young (5120K), 5 survivors (5120K)
 Metaspace       used 59503K, committed 59968K, reserved 1114112K
  class space    used 8540K, committed 8768K, reserved 1048576K
}
Event: 6.347 GC heap before
{Heap before GC invocations=13 (full 0):
 garbage-first heap   total 115712K, used 39037K [0x0000000081600000, 0x0000000100000000)
  region size 1024K, 10 young (10240K), 5 survivors (5120K)
 Metaspace       used 60313K, committed 60736K, reserved 1114112K
  class space    used 8677K, committed 8896K, reserved 1048576K
}
Event: 6.354 GC heap after
{Heap after GC invocations=14 (full 0):
 garbage-first heap   total 115712K, used 35156K [0x0000000081600000, 0x0000000100000000)
  region size 1024K, 2 young (2048K), 2 survivors (2048K)
 Metaspace       used 60313K, committed 60736K, reserved 1114112K
  class space    used 8677K, committed 8896K, reserved 1048576K
}
Event: 7.177 GC heap before
{Heap before GC invocations=15 (full 0):
 garbage-first heap   total 115712K, used 91476K [0x0000000081600000, 0x0000000100000000)
  region size 1024K, 57 young (58368K), 2 survivors (2048K)
 Metaspace       used 66641K, committed 67200K, reserved 1114112K
  class space    used 9660K, committed 9920K, reserved 1048576K
}
Event: 7.187 GC heap after
{Heap after GC invocations=16 (full 0):
 garbage-first heap   total 115712K, used 38200K [0x0000000081600000, 0x0000000100000000)
  region size 1024K, 5 young (5120K), 5 survivors (5120K)
 Metaspace       used 66641K, committed 67200K, reserved 1114112K
  class space    used 9660K, committed 9920K, reserved 1048576K
}
Event: 7.777 GC heap before
{Heap before GC invocations=16 (full 0):
 garbage-first heap   total 115712K, used 92472K [0x0000000081600000, 0x0000000100000000)
  region size 1024K, 58 young (59392K), 5 survivors (5120K)
 Metaspace       used 72417K, committed 73024K, reserved 1114112K
  class space    used 10466K, committed 10752K, reserved 1048576K
}
Event: 7.784 GC heap after
{Heap after GC invocations=17 (full 0):
 garbage-first heap   total 115712K, used 41287K [0x0000000081600000, 0x0000000100000000)
  region size 1024K, 7 young (7168K), 7 survivors (7168K)
 Metaspace       used 72417K, committed 73024K, reserved 1114112K
  class space    used 10466K, committed 10752K, reserved 1048576K
}
Event: 8.215 GC heap before
{Heap before GC invocations=17 (full 0):
 garbage-first heap   total 115712K, used 90439K [0x0000000081600000, 0x0000000100000000)
  region size 1024K, 56 young (57344K), 7 survivors (7168K)
 Metaspace       used 77077K, committed 77696K, reserved 1179648K
  class space    used 11340K, committed 11648K, reserved 1048576K
}
Event: 8.223 GC heap after
{Heap after GC invocations=18 (full 0):
 garbage-first heap   total 139264K, used 44992K [0x0000000081600000, 0x0000000100000000)
  region size 1024K, 7 young (7168K), 7 survivors (7168K)
 Metaspace       used 77077K, committed 77696K, reserved 1179648K
  class space    used 11340K, committed 11648K, reserved 1048576K
}

